<?xml version="1.0" encoding="UTF-8"?>
<testsuite xmlns:xsi="http://www.w3.org/2001/XMLSchema-instance" xsi:noNamespaceSchemaLocation="https://maven.apache.org/surefire/maven-surefire-plugin/xsd/surefire-test-report.xsd" version="3.0.2" name="com.abhishek.bagjourney_services.BagjourneyServicesApplicationTests" time="3.07" tests="1" errors="0" skipped="0" failures="0">
  <properties>
[...]
</properties>
  <testcase name="contextLoads" classname="com.abhishek.bagjourney_services.BagjourneyServicesApplicationTests" time="0.77">
    <system-out><![CDATA[14:31:45.887 [main] INFO org.springframework.test.context.support.AnnotationConfigContextLoaderUtils -- Could not detect default configuration classes for test class [com.abhishek.bagjourney_services.BagjourneyServicesApplicationTests]: BagjourneyServicesApplicationTests does not declare any static, non-private, non-final, nested classes annotated with @Configuration.
14:31:45.997 [main] INFO org.springframework.boot.test.context.SpringBootTestContextBootstrapper -- Found @SpringBootConfiguration com.abhishek.bagjourney_services.BagjourneyServicesApplication for test class com.abhishek.bagjourney_services.BagjourneyServicesApplicationTests
14:31:46.185 [main] INFO org.springframework.boot.devtools.restart.RestartApplicationListener -- Restart disabled due to context in which it is running

  .   ____          _            __ _ _
 /\\ / ___'_ __ _ _(_)_ __  __ _ \ \ \ \
( ( )\___ | '_ | '_| | '_ \/ _` | \ \ \ \
 \\/  ___)| |_)| | | | | || (_| |  ) ) ) )
  '  |____| .__|_| |_|_| |_\__, | / / / /
 =========|_|==============|___/=/_/_/_/

 :: Spring Boot ::                (v3.5.0)

2025-06-07T14:31:46.603+05:30  INFO 6980 --- [bagjourney_services] [           main] c.a.b.BagjourneyServicesApplicationTests : Starting BagjourneyServicesApplicationTests using Java 21.0.7 with PID 6980 (started by Abhishek Mauriya in C:\Users\Abhishek Mauriya\Desktop\Project\bagjourney-services)
2025-06-07T14:31:46.605+05:30  INFO 6980 --- [bagjourney_services] [           main] c.a.b.BagjourneyServicesApplicationTests : No active profile set, falling back to 1 default profile: "default"
2025-06-07T14:31:48.006+05:30  INFO 6980 --- [bagjourney_services] [           main] c.a.b.BagjourneyServicesApplicationTests : Started BagjourneyServicesApplicationTests in 1.84 seconds (process running for 3.03)
]]></system-out>
    <system-err><![CDATA[Mockito is currently self-attaching to enable the inline-mock-maker. This will no longer work in future releases of the JDK. Please add Mockito as an agent to your build as described in Mockito's documentation: https://javadoc.io/doc/org.mockito/mockito-core/latest/org.mockito/org/mockito/Mockito.html#0.3
WARNING: A Java agent has been loaded dynamically (C:\Users\Abhishek Mauriya\.m2\repository\net\bytebuddy\byte-buddy-agent\1.17.5\byte-buddy-agent-1.17.5.jar)
WARNING: If a serviceability tool is in use, please run with -XX:+EnableDynamicAgentLoading to hide this warning
WARNING: If a serviceability tool is not in use, please run with -Djdk.instrument.traceUsage for more information
WARNING: Dynamic loading of agents will be disallowed by default in a future release
]]></system-err>
  </testcase>
</testsuite>